Project1/PhoneFormatApp/app/build/intermediates/manifest_merge_blame_file/debug/processDebugMainManifest/manifest-merger-blame-debug-report.txt
1<?xml version="1.0" encoding="utf-8"?>
2<manifest xmlns:android="http://schemas.android.com/apk/res/android"
3    package="edu.cs478.project1.phoneformat"
4    android:versionCode="1"
5    android:versionName="1.0" >
6
7    <uses-sdk
8        android:minSdkVersion="36"
9        android:targetSdkVersion="36" />
10
11    <uses-permission android:name="android.permission.QUERY_ALL_PACKAGES" />
11-->src/main/AndroidManifest.xml:9:5-76
11-->src/main/AndroidManifest.xml:9:22-74
12
13    <queries>
13-->src/main/AndroidManifest.xml:11:5-16:15
14        <intent>
14-->src/main/AndroidManifest.xml:12:9-15:18
15            <action android:name="android.intent.action.DIAL" />
15-->src/main/AndroidManifest.xml:13:13-65
15-->src/main/AndroidManifest.xml:13:21-62
16
17            <data android:scheme="tel" />
17-->src/main/AndroidManifest.xml:14:13-42
17-->src/main/AndroidManifest.xml:14:19-39
18        </intent>
19    </queries>
20
21    <application
21-->src/main/AndroidManifest.xml:18:5-38:19
22        android:allowBackup="false"
22-->src/main/AndroidManifest.xml:19:9-36
23        android:debuggable="true"
24        android:extractNativeLibs="false"
25        android:icon="@drawable/ic_launcher"
25-->src/main/AndroidManifest.xml:20:9-45
26        android:label="@string/app_name"
26-->src/main/AndroidManifest.xml:21:9-41
27        android:testOnly="true"
28        android:theme="@android:style/Theme.Light.NoTitleBar" >
28-->src/main/AndroidManifest.xml:22:9-62
29        <activity
29-->src/main/AndroidManifest.xml:23:9-32:20
30            android:name="edu.cs478.project1.phoneformat.MainActivity"
30-->src/main/AndroidManifest.xml:25:13-41
31            android:exported="true"
31-->src/main/AndroidManifest.xml:26:13-36
32            android:label="@string/app_name"
32-->src/main/AndroidManifest.xml:24:13-45
33            android:windowSoftInputMode="stateAlwaysHidden" >
33-->src/main/AndroidManifest.xml:27:13-60
34            <intent-filter>
34-->src/main/AndroidManifest.xml:28:13-31:29
35                <action android:name="android.intent.action.MAIN" />
35-->src/main/AndroidManifest.xml:29:17-69
35-->src/main/AndroidManifest.xml:29:25-66
36
37                <category android:name="android.intent.category.LAUNCHER" />
37-->src/main/AndroidManifest.xml:30:17-77
37-->src/main/AndroidManifest.xml:30:27-74
38            </intent-filter>
39        </activity>
40        <activity
40-->src/main/AndroidManifest.xml:33:9-37:71
41            android:name="edu.cs478.project1.phoneformat.PhoneEntryActivity"
41-->src/main/AndroidManifest.xml:34:13-47
42            android:exported="false"
42-->src/main/AndroidManifest.xml:35:13-37
43            android:launchMode="standard"
43-->src/main/AndroidManifest.xml:36:13-42
44            android:windowSoftInputMode="stateVisible|adjustResize" />
44-->src/main/AndroidManifest.xml:37:13-68
45    </application>
46
47</manifest>